<?xml version="1.0" encoding="UTF-8"?>
<testsuite xmlns:xsi="http://www.w3.org/2001/XMLSchema-instance" xsi:noNamespaceSchemaLocation="https://maven.apache.org/surefire/maven-surefire-plugin/xsd/surefire-test-report.xsd" name="com.configure.restclient.client.EmployeeGetRestClientTest" time="5.874" tests="8" errors="0" skipped="0" failures="0">
  <properties>
[...]
</properties>
  <testcase name="getForEntityTest" classname="com.configure.restclient.client.EmployeeGetRestClientTest" time="0.427"/>
  <testcase name="postForEntityTest" classname="com.configure.restclient.client.EmployeeGetRestClientTest" time="0.038"/>
  <testcase name="putTest" classname="com.configure.restclient.client.EmployeeGetRestClientTest" time="0.016"/>
  <testcase name="getForEntityNotFoundTest" classname="com.configure.restclient.client.EmployeeGetRestClientTest" time="0.023"/>
  <testcase name="getAllTest" classname="com.configure.restclient.client.EmployeeGetRestClientTest" time="0.169"/>
  <testcase name="getForObjectTest" classname="com.configure.restclient.client.EmployeeGetRestClientTest" time="0.007"/>
  <testcase name="postForObjectTest" classname="com.configure.restclient.client.EmployeeGetRestClientTest" time="0.009"/>
  <testcase name="deleteWithExchangeTest" classname="com.configure.restclient.client.EmployeeGetRestClientTest" time="0.018"/>
</testsuite>